<?xml version="1.0" encoding="UTF-8"?>
<testng-results ignored="0" total="6" passed="5" failed="1" skipped="0">
  <reporter-output>
  </reporter-output>
  <suite started-at="2026-03-20T10:26:43 IST" name="Selenium Test Framework Suite" finished-at="2026-03-20T10:27:42 IST" duration-ms="58624">
    <groups>
      <group name="regression">
        <method signature="GoogleTest.testGoogleSearch()[pri:0, instance:com.example.tests.GoogleTest@5be067de]" name="testGoogleSearch" class="com.example.tests.GoogleTest"/>
        <method signature="GoogleTest.testGooglePageLoads()[pri:0, instance:com.example.tests.GoogleTest@1a1da881]" name="testGooglePageLoads" class="com.example.tests.GoogleTest"/>
        <method signature="GoogleTest.testGoogleSearch()[pri:0, instance:com.example.tests.GoogleTest@1a1da881]" name="testGoogleSearch" class="com.example.tests.GoogleTest"/>
        <method signature="GoogleTest.testIntentionalFailure()[pri:0, instance:com.example.tests.GoogleTest@1a1da881]" name="testIntentionalFailure" class="com.example.tests.GoogleTest"/>
        <method signature="OrangeHRMLoginTest.testLoginPageLoads()[pri:0, instance:com.example.tests.OrangeHRMLoginTest@5b970f7]" name="testLoginPageLoads" class="com.example.tests.OrangeHRMLoginTest"/>
        <method signature="OrangeHRMLoginTest.testLoginWithValidCredentials()[pri:0, instance:com.example.tests.OrangeHRMLoginTest@5b970f7]" name="testLoginWithValidCredentials" class="com.example.tests.OrangeHRMLoginTest"/>
      </group> <!-- regression -->
      <group name="smoke">
        <method signature="GoogleTest.testGooglePageLoads()[pri:0, instance:com.example.tests.GoogleTest@1a1da881]" name="testGooglePageLoads" class="com.example.tests.GoogleTest"/>
        <method signature="OrangeHRMLoginTest.testLoginPageLoads()[pri:0, instance:com.example.tests.OrangeHRMLoginTest@5b970f7]" name="testLoginPageLoads" class="com.example.tests.OrangeHRMLoginTest"/>
      </group> <!-- smoke -->
    </groups>
    <test started-at="2026-03-20T10:26:43 IST" name="Google Search Tests" finished-at="2026-03-20T10:26:49 IST" duration-ms="5567">
      <class name="com.example.tests.GoogleTest">
        <test-method is-config="true" signature="setUp(java.lang.reflect.Method)[pri:0, instance:com.example.tests.GoogleTest@5be067de]" started-at="2026-03-20T10:26:43 IST" name="setUp" finished-at="2026-03-20T10:26:46 IST" duration-ms="2333" status="PASS">
          <params>
            <param index="0">
              <value>
                <![CDATA[public void com.example.tests.GoogleTest.testGoogleSearch()]]>
              </value>
            </param>
          </params>
          <reporter-output>
          </reporter-output>
        </test-method> <!-- setUp -->
        <test-method signature="testGoogleSearch()[pri:0, instance:com.example.tests.GoogleTest@5be067de]" started-at="2026-03-20T10:26:46 IST" name="testGoogleSearch" description="Test Google search functionality" finished-at="2026-03-20T10:26:47 IST" duration-ms="1085" status="PASS">
          <reporter-output>
          </reporter-output>
        </test-method> <!-- testGoogleSearch -->
        <test-method is-config="true" signature="tearDown(org.testng.ITestResult)[pri:0, instance:com.example.tests.GoogleTest@5be067de]" started-at="2026-03-20T10:26:47 IST" name="tearDown" finished-at="2026-03-20T10:26:49 IST" duration-ms="1789" status="PASS">
          <params>
            <param index="0">
              <value>
                <![CDATA[[TestResult name=testGoogleSearch status=SUCCESS method=GoogleTest.testGoogleSearch()[pri:0, instance:com.example.tests.GoogleTest@5be067de] output={null}]]]>
              </value>
            </param>
          </params>
          <reporter-output>
          </reporter-output>
        </test-method> <!-- tearDown -->
      </class> <!-- com.example.tests.GoogleTest -->
    </test> <!-- Google Search Tests -->
    <test started-at="2026-03-20T10:26:49 IST" name="OrangeHRM Tests" finished-at="2026-03-20T10:26:49 IST" duration-ms="0">
    </test> <!-- OrangeHRM Tests -->
    <test started-at="2026-03-20T10:26:49 IST" name="Complete Test Suite" finished-at="2026-03-20T10:27:42 IST" duration-ms="53027">
      <class name="com.example.tests.OrangeHRMLoginTest">
        <test-method is-config="true" signature="setUp(java.lang.reflect.Method)[pri:0, instance:com.example.tests.OrangeHRMLoginTest@5b970f7]" started-at="2026-03-20T10:26:59 IST" name="setUp" finished-at="2026-03-20T10:27:00 IST" duration-ms="839" status="PASS">
          <params>
            <param index="0">
              <value>
                <![CDATA[public void com.example.tests.OrangeHRMLoginTest.testLoginPageLoads()]]>
              </value>
            </param>
          </params>
          <reporter-output>
          </reporter-output>
        </test-method> <!-- setUp -->
        <test-method signature="testLoginPageLoads()[pri:0, instance:com.example.tests.OrangeHRMLoginTest@5b970f7]" started-at="2026-03-20T10:27:00 IST" name="testLoginPageLoads" description="Test OrangeHRM login page loads" finished-at="2026-03-20T10:27:04 IST" duration-ms="4687" status="PASS">
          <reporter-output>
          </reporter-output>
        </test-method> <!-- testLoginPageLoads -->
        <test-method is-config="true" signature="tearDown(org.testng.ITestResult)[pri:0, instance:com.example.tests.OrangeHRMLoginTest@5b970f7]" started-at="2026-03-20T10:27:04 IST" name="tearDown" finished-at="2026-03-20T10:27:05 IST" duration-ms="188" status="PASS">
          <params>
            <param index="0">
              <value>
                <![CDATA[[TestResult name=testLoginPageLoads status=SUCCESS method=OrangeHRMLoginTest.testLoginPageLoads()[pri:0, instance:com.example.tests.OrangeHRMLoginTest@5b970f7] output={null}]]]>
              </value>
            </param>
          </params>
          <reporter-output>
          </reporter-output>
        </test-method> <!-- tearDown -->
        <test-method is-config="true" signature="setUp(java.lang.reflect.Method)[pri:0, instance:com.example.tests.OrangeHRMLoginTest@5b970f7]" started-at="2026-03-20T10:27:05 IST" name="setUp" finished-at="2026-03-20T10:27:05 IST" duration-ms="715" status="PASS">
          <params>
            <param index="0">
              <value>
                <![CDATA[public void com.example.tests.OrangeHRMLoginTest.testLoginWithValidCredentials()]]>
              </value>
            </param>
          </params>
          <reporter-output>
          </reporter-output>
        </test-method> <!-- setUp -->
        <test-method signature="testLoginWithValidCredentials()[pri:0, instance:com.example.tests.OrangeHRMLoginTest@5b970f7]" started-at="2026-03-20T10:27:05 IST" name="testLoginWithValidCredentials" description="Test OrangeHRM login with valid credentials" finished-at="2026-03-20T10:27:42 IST" duration-ms="36579" status="PASS">
          <reporter-output>
          </reporter-output>
        </test-method> <!-- testLoginWithValidCredentials -->
        <test-method is-config="true" signature="tearDown(org.testng.ITestResult)[pri:0, instance:com.example.tests.OrangeHRMLoginTest@5b970f7]" started-at="2026-03-20T10:27:42 IST" name="tearDown" finished-at="2026-03-20T10:27:42 IST" duration-ms="184" status="PASS">
          <params>
            <param index="0">
              <value>
                <![CDATA[[TestResult name=testLoginWithValidCredentials status=SUCCESS method=OrangeHRMLoginTest.testLoginWithValidCredentials()[pri:0, instance:com.example.tests.OrangeHRMLoginTest@5b970f7] output={null}]]]>
              </value>
            </param>
          </params>
          <reporter-output>
          </reporter-output>
        </test-method> <!-- tearDown -->
      </class> <!-- com.example.tests.OrangeHRMLoginTest -->
      <class name="com.example.tests.GoogleTest">
        <test-method is-config="true" signature="setUp(java.lang.reflect.Method)[pri:0, instance:com.example.tests.GoogleTest@1a1da881]" started-at="2026-03-20T10:26:49 IST" name="setUp" finished-at="2026-03-20T10:26:50 IST" duration-ms="776" status="PASS">
          <params>
            <param index="0">
              <value>
                <![CDATA[public void com.example.tests.GoogleTest.testGooglePageLoads()]]>
              </value>
            </param>
          </params>
          <reporter-output>
          </reporter-output>
        </test-method> <!-- setUp -->
        <test-method signature="testGooglePageLoads()[pri:0, instance:com.example.tests.GoogleTest@1a1da881]" started-at="2026-03-20T10:26:50 IST" name="testGooglePageLoads" description="Test Google page loads successfully" finished-at="2026-03-20T10:26:52 IST" duration-ms="2364" status="PASS">
          <reporter-output>
          </reporter-output>
        </test-method> <!-- testGooglePageLoads -->
        <test-method is-config="true" signature="tearDown(org.testng.ITestResult)[pri:0, instance:com.example.tests.GoogleTest@1a1da881]" started-at="2026-03-20T10:26:52 IST" name="tearDown" finished-at="2026-03-20T10:26:52 IST" duration-ms="329" status="PASS">
          <params>
            <param index="0">
              <value>
                <![CDATA[[TestResult name=testGooglePageLoads status=SUCCESS method=GoogleTest.testGooglePageLoads()[pri:0, instance:com.example.tests.GoogleTest@1a1da881] output={null}]]]>
              </value>
            </param>
          </params>
          <reporter-output>
          </reporter-output>
        </test-method> <!-- tearDown -->
        <test-method is-config="true" signature="setUp(java.lang.reflect.Method)[pri:0, instance:com.example.tests.GoogleTest@1a1da881]" started-at="2026-03-20T10:26:52 IST" name="setUp" finished-at="2026-03-20T10:26:53 IST" duration-ms="852" status="PASS">
          <params>
            <param index="0">
              <value>
                <![CDATA[public void com.example.tests.GoogleTest.testGoogleSearch()]]>
              </value>
            </param>
          </params>
          <reporter-output>
          </reporter-output>
        </test-method> <!-- setUp -->
        <test-method signature="testGoogleSearch()[pri:0, instance:com.example.tests.GoogleTest@1a1da881]" started-at="2026-03-20T10:26:53 IST" name="testGoogleSearch" description="Test Google search functionality" finished-at="2026-03-20T10:26:55 IST" duration-ms="1673" status="PASS">
          <reporter-output>
          </reporter-output>
        </test-method> <!-- testGoogleSearch -->
        <test-method is-config="true" signature="tearDown(org.testng.ITestResult)[pri:0, instance:com.example.tests.GoogleTest@1a1da881]" started-at="2026-03-20T10:26:55 IST" name="tearDown" finished-at="2026-03-20T10:26:55 IST" duration-ms="372" status="PASS">
          <params>
            <param index="0">
              <value>
                <![CDATA[[TestResult name=testGoogleSearch status=SUCCESS method=GoogleTest.testGoogleSearch()[pri:0, instance:com.example.tests.GoogleTest@1a1da881] output={null}]]]>
              </value>
            </param>
          </params>
          <reporter-output>
          </reporter-output>
        </test-method> <!-- tearDown -->
        <test-method is-config="true" signature="setUp(java.lang.reflect.Method)[pri:0, instance:com.example.tests.GoogleTest@1a1da881]" started-at="2026-03-20T10:26:55 IST" name="setUp" finished-at="2026-03-20T10:26:56 IST" duration-ms="839" status="PASS">
          <params>
            <param index="0">
              <value>
                <![CDATA[public void com.example.tests.GoogleTest.testIntentionalFailure()]]>
              </value>
            </param>
          </params>
          <reporter-output>
          </reporter-output>
        </test-method> <!-- setUp -->
        <test-method signature="testIntentionalFailure()[pri:0, instance:com.example.tests.GoogleTest@1a1da881]" started-at="2026-03-20T10:26:56 IST" name="testIntentionalFailure" description="Intentional failure to test reporting" finished-at="2026-03-20T10:26:58 IST" duration-ms="1862" status="FAIL">
          <exception class="java.lang.AssertionError">
            <message>
              <![CDATA[Expected Yahoo page title but got: Google expected [true] but found [false]]]>
            </message>
            <full-stacktrace>
              <![CDATA[java.lang.AssertionError: Expected Yahoo page title but got: Google expected [true] but found [false]
at org.testng.Assert.fail(Assert.java:111)
at org.testng.Assert.failNotEquals(Assert.java:1578)
at org.testng.Assert.assertTrue(Assert.java:57)
at com.example.tests.GoogleTest.testIntentionalFailure(GoogleTest.java:62)
at java.base/jdk.internal.reflect.NativeMethodAccessorImpl.invoke0(Native Method)
at java.base/jdk.internal.reflect.NativeMethodAccessorImpl.invoke(NativeMethodAccessorImpl.java:77)
at java.base/jdk.internal.reflect.DelegatingMethodAccessorImpl.invoke(DelegatingMethodAccessorImpl.java:43)
at java.base/java.lang.reflect.Method.invoke(Method.java:569)
at org.testng.internal.invokers.MethodInvocationHelper.invokeMethod(MethodInvocationHelper.java:139)
at org.testng.internal.invokers.TestInvoker.invokeMethod(TestInvoker.java:664)
at org.testng.internal.invokers.TestInvoker.invokeTestMethod(TestInvoker.java:228)
at org.testng.internal.invokers.MethodRunner.runInSequence(MethodRunner.java:63)
at org.testng.internal.invokers.TestInvoker$MethodInvocationAgent.invoke(TestInvoker.java:961)
at org.testng.internal.invokers.TestInvoker.invokeTestMethods(TestInvoker.java:201)
at org.testng.internal.invokers.TestMethodWorker.invokeTestMethods(TestMethodWorker.java:148)
at org.testng.internal.invokers.TestMethodWorker.run(TestMethodWorker.java:128)
at java.base/java.util.ArrayList.forEach(ArrayList.java:1511)
at org.testng.TestRunner.privateRun(TestRunner.java:819)
at org.testng.TestRunner.run(TestRunner.java:619)
at org.testng.SuiteRunner.runTest(SuiteRunner.java:443)
at org.testng.SuiteRunner.runSequentially(SuiteRunner.java:437)
at org.testng.SuiteRunner.privateRun(SuiteRunner.java:397)
at org.testng.SuiteRunner.run(SuiteRunner.java:336)
at org.testng.SuiteRunnerWorker.runSuite(SuiteRunnerWorker.java:52)
at org.testng.SuiteRunnerWorker.run(SuiteRunnerWorker.java:95)
at org.testng.TestNG.runSuitesSequentially(TestNG.java:1301)
at org.testng.TestNG.runSuitesLocally(TestNG.java:1228)
at org.testng.TestNG.runSuites(TestNG.java:1134)
at org.testng.TestNG.run(TestNG.java:1101)
at org.apache.maven.surefire.testng.TestNGExecutor.run(TestNGExecutor.java:308)
at org.apache.maven.surefire.testng.TestNGXmlTestSuite.execute(TestNGXmlTestSuite.java:71)
at org.apache.maven.surefire.testng.TestNGProvider.invoke(TestNGProvider.java:113)
at org.apache.maven.surefire.booter.ForkedBooter.runSuitesInProcess(ForkedBooter.java:385)
at org.apache.maven.surefire.booter.ForkedBooter.execute(ForkedBooter.java:162)
at org.apache.maven.surefire.booter.ForkedBooter.run(ForkedBooter.java:507)
at org.apache.maven.surefire.booter.ForkedBooter.main(ForkedBooter.java:495)
]]>
            </full-stacktrace>
          </exception> <!-- java.lang.AssertionError -->
          <reporter-output>
          </reporter-output>
        </test-method> <!-- testIntentionalFailure -->
        <test-method is-config="true" signature="tearDown(org.testng.ITestResult)[pri:0, instance:com.example.tests.GoogleTest@1a1da881]" started-at="2026-03-20T10:26:58 IST" name="tearDown" finished-at="2026-03-20T10:26:59 IST" duration-ms="663" status="PASS">
          <params>
            <param index="0">
              <value>
                <![CDATA[[TestResult name=testIntentionalFailure status=FAILURE method=GoogleTest.testIntentionalFailure()[pri:0, instance:com.example.tests.GoogleTest@1a1da881] output={null}]]]>
              </value>
            </param>
          </params>
          <reporter-output>
          </reporter-output>
        </test-method> <!-- tearDown -->
      </class> <!-- com.example.tests.GoogleTest -->
    </test> <!-- Complete Test Suite -->
  </suite> <!-- Selenium Test Framework Suite -->
</testng-results>
