<?xml version="1.0" encoding="UTF-8"?>
<!-- Generated by org.testng.reporters.JUnitXMLReporter -->
<testsuite ignored="2" hostname="OTX-CTQKKX3" failures="0" tests="1" name="Google Search Tests" time="5.567" errors="0" timestamp="2026-03-20T10:26:49 IST">
  <testcase classname="com.example.tests.GoogleTest" name="testGoogleSearch" time="1.085"/>
  <testcase classname="com.example.tests.GoogleTest" name="testGooglePageLoads" time="0.0">
    <ignored/>
  </testcase> <!-- testGooglePageLoads -->
  <testcase classname="com.example.tests.GoogleTest" name="testIntentionalFailure" time="0.0">
    <ignored/>
  </testcase> <!-- testIntentionalFailure -->
</testsuite> <!-- Google Search Tests -->
