<?xml version="1.0" encoding="UTF-8"?>
<!-- Generated by org.testng.reporters.JUnitXMLReporter -->
<testsuite ignored="2" hostname="OTX-CTQKKX3" failures="0" tests="0" time="0.0" errors="0" timestamp="2026-03-20T10:26:49 IST">
  <testcase classname="com.example.tests.OrangeHRMLoginTest" name="testLoginPageLoads" time="0.0">
    <ignored/>
  </testcase> <!-- testLoginPageLoads -->
  <testcase classname="com.example.tests.OrangeHRMLoginTest" name="testLoginWithValidCredentials" time="0.0">
    <ignored/>
  </testcase> <!-- testLoginWithValidCredentials -->
</testsuite>
