<?xml version="1.0" encoding="UTF-8"?>
<!-- Generated by org.testng.reporters.JUnitReportReporter -->
<testsuite hostname="OTX-CTQKKX3" failures="0" tests="2" name="com.example.tests.OrangeHRMLoginTest" time="43.192" errors="0" timestamp="2026-03-20T10:27:42 IST" skipped="0">
  <testcase classname="com.example.tests.OrangeHRMLoginTest" name="testLoginPageLoads" time="5.710"/>
  <testcase classname="com.example.tests.OrangeHRMLoginTest" name="testLoginWithValidCredentials" time="37.482"/>
</testsuite> <!-- com.example.tests.OrangeHRMLoginTest -->
