<?xml version="1.0" encoding="UTF-8"?>
<!-- Generated by org.testng.reporters.JUnitReportReporter -->
<testsuite hostname="OTX-CTQKKX3" failures="0" tests="2" name="com.example.tests.OrangeHRMLoginTest" time="132.394" errors="0" timestamp="2026-03-12T12:54:35 IST" skipped="0">
  <testcase classname="com.example.tests.OrangeHRMLoginTest" name="testLoginWithValidCredentials" time="44.878"/>
  <testcase classname="com.example.tests.OrangeHRMLoginTest" name="testLoginPageLoads" time="87.516"/>
</testsuite> <!-- com.example.tests.OrangeHRMLoginTest -->
