<?xml version="1.0" encoding="UTF-8"?>
<!-- Generated by org.testng.reporters.JUnitXMLReporter -->
<testsuite ignored="0" hostname="OTX-CTQKKX3" failures="1" tests="3" name="Google Tests" time="15.703" errors="0" timestamp="2026-03-20T10:10:12 IST">
  <testcase classname="com.example.tests.GoogleTest" name="testGooglePageLoads" time="1.497"/>
  <testcase classname="com.example.tests.GoogleTest" name="testGoogleSearch" time="2.064"/>
  <testcase classname="com.example.tests.GoogleTest" name="testIntentionalFailure" time="1.816">
    <failure type="java.lang.AssertionError" message="Expected Yahoo page title but got: Google expected [true] but found [false]">
      <![CDATA[java.lang.AssertionError: Expected Yahoo page title but got: Google expected [true] but found [false]
at com.example.tests.GoogleTest.testIntentionalFailure(GoogleTest.java:62)
at java.base/java.util.ArrayList.forEach(ArrayList.java:1511)
... Removed 34 stack frames]]>
    </failure>
  </testcase> <!-- testIntentionalFailure -->
</testsuite> <!-- Google Tests -->
