<?xml version="1.0" encoding="UTF-8"?>
<!-- Generated by org.testng.reporters.JUnitXMLReporter -->
<testsuite ignored="0" hostname="OTX-CTQKKX3" failures="0" tests="2" name="OrangeHRM Tests" time="12.942" errors="0" timestamp="2026-03-20T10:10:25 IST">
  <testcase classname="com.example.tests.OrangeHRMLoginTest" name="testLoginPageLoads" time="4.59"/>
  <testcase classname="com.example.tests.OrangeHRMLoginTest" name="testLoginWithValidCredentials" time="5.983"/>
</testsuite> <!-- OrangeHRM Tests -->
