<?xml version="1.0" encoding="UTF-8"?>
<!-- Generated by org.testng.reporters.JUnitXMLReporter -->
<testsuite ignored="0" hostname="OTX-CTQKKX3" failures="0" tests="2" name="OrangeHRM Tests" time="132.403" errors="0" timestamp="2026-03-12T12:54:35 IST">
  <testcase classname="com.example.tests.OrangeHRMLoginTest" name="testLoginPageLoads" time="86.626"/>
  <testcase classname="com.example.tests.OrangeHRMLoginTest" name="testLoginWithValidCredentials" time="43.938"/>
</testsuite> <!-- OrangeHRM Tests -->
