<?xml version="1.0" encoding="UTF-8"?>
<!-- Generated by org.testng.reporters.JUnitXMLReporter -->
<testsuite ignored="0" hostname="OTX-CTQKKX3" failures="1" tests="3" name="Surefire test" time="11.558" errors="0" timestamp="2026-03-20T10:22:58 IST">
  <testcase classname="com.example.tests.GoogleTest" name="testGooglePageLoads" time="1.018"/>
  <testcase classname="com.example.tests.GoogleTest" name="testGoogleSearch" time="1.943"/>
  <testcase classname="com.example.tests.GoogleTest" name="testIntentionalFailure" time="1.759">
    <failure type="java.lang.AssertionError" message="Expected Yahoo page title but got: Google expected [true] but found [false]">
      <![CDATA[java.lang.AssertionError: Expected Yahoo page title but got: Google expected [true] but found [false]
at com.example.tests.GoogleTest.testIntentionalFailure(GoogleTest.java:62)
at java.base/java.util.ArrayList.forEach(ArrayList.java:1511)
... Removed 35 stack frames]]>
    </failure>
  </testcase> <!-- testIntentionalFailure -->
</testsuite> <!-- Surefire test -->
